<?xml version="1.0" encoding="UTF-8"?>
<!-- Generated by org.testng.reporters.JUnitXMLReporter -->
<testsuite hostname="LAPTOP-C134IJOH" ignored="0" name="Test" tests="7" failures="1" timestamp="2021-10-01T23:07:35 IST" time="0.07" errors="0">
  <testcase name="password" time="0.005" classname="com.Test_Ng.My_Test"/>
  <testcase name="username" time="0.003" classname="com.Test_Ng.My_Test">
    <skipped/>
  </testcase> <!-- username -->
  <testcase name="username" time="0.001" classname="com.Test_Ng.My_Test">
    <skipped/>
  </testcase> <!-- username -->
  <testcase name="username" time="0.008" classname="com.Test_Ng.My_Test">
    <skipped/>
  </testcase> <!-- username -->
  <testcase name="username" time="0.004" classname="com.Test_Ng.My_Test">
    <skipped/>
  </testcase> <!-- username -->
  <testcase name="username" time="0.003" classname="com.Test_Ng.My_Test">
    <skipped/>
  </testcase> <!-- username -->
  <testcase name="username" time="0.0" classname="com.Test_Ng.My_Test">
    <failure type="java.lang.AssertionError" message="expected [smith123] but found [smithabc]">
      <![CDATA[java.lang.AssertionError: expected [smith123] but found [smithabc]
at com.Test_Ng.My_Test.username(My_Test.java:13)
at java.util.ArrayList.forEach(Unknown Source)
... Removed 33 stack frames]]>
    </failure>
  </testcase> <!-- username -->
</testsuite> <!-- Test -->
